<?xml version="1.0" encoding="UTF-8"?>
<!-- Generated by org.testng.reporters.JUnitReportReporter -->
<testsuite skipped="0" hostname="DESKTOP-LNV4F6C" name="com.hsbc.testcases.Day2_PageContentValidation" tests="1" failures="0" timestamp="23 Aug 2019 04:56:17 GMT" time="0.045" errors="0">
  <testcase name="pageContentValidation" time="0.045" classname="com.hsbc.testcases.Day2_PageContentValidation"/>
</testsuite> <!-- com.hsbc.testcases.Day2_PageContentValidation -->
