<?xml version="1.0" encoding="UTF-8"?>
<!-- Generated by org.testng.reporters.JUnitReportReporter -->
<testsuite skipped="0" hostname="DESKTOP-VOO7V1N" name="com.hsbc.testcases.Day2_HsbcSearchAjaxValidation" tests="1" failures="0" timestamp="25 Aug 2019 12:44:59 GMT" time="1.769" errors="0">
  <testcase name="hsbcSearchAjaxValidation" time="1.769" classname="com.hsbc.testcases.Day2_HsbcSearchAjaxValidation"/>
</testsuite> <!-- com.hsbc.testcases.Day2_HsbcSearchAjaxValidation -->
