<?xml version="1.0" encoding="UTF-8"?>
<!-- Generated by org.testng.reporters.JUnitReportReporter -->
<testsuite skipped="0" hostname="DESKTOP-LNV4F6C" name="com.hsbc.testcases.Day2_HsbcScrollingPage" tests="1" failures="0" timestamp="23 Aug 2019 11:38:21 GMT" time="4.037" errors="0">
  <testcase name="hsbcPageScroll" time="4.037" classname="com.hsbc.testcases.Day2_HsbcScrollingPage"/>
</testsuite> <!-- com.hsbc.testcases.Day2_HsbcScrollingPage -->
