<?xml version="1.0" encoding="UTF-8"?>
<!-- Generated by org.testng.reporters.JUnitReportReporter -->
<testsuite skipped="0" hostname="DESKTOP-VOO7V1N" name="com.hsbc.testng.Testng7" tests="4" failures="0" timestamp="24 Aug 2019 15:07:58 GMT" time="0.016" errors="0">
  <testcase name="a4" time="0.003" classname="com.hsbc.testng.Testng7"/>
  <testcase name="t2" time="0.003" classname="com.hsbc.testng.Testng7"/>
  <testcase name="t3" time="0.006" classname="com.hsbc.testng.Testng7"/>
  <testcase name="t1" time="0.004" classname="com.hsbc.testng.Testng7"/>
</testsuite> <!-- com.hsbc.testng.Testng7 -->
