<?xml version="1.0" encoding="UTF-8"?>
<!-- Generated by org.testng.reporters.JUnitReportReporter -->
<testsuite skipped="0" hostname="DESKTOP-LNV4F6C" name="com.hsbc.testcases.Day1_TitleValidation" tests="3" failures="0" timestamp="22 Aug 2019 11:30:07 GMT" time="0.060" errors="0">
  <testcase name="titleValidation" time="0.030" classname="com.hsbc.testcases.Day1_TitleValidation"/>
  <testcase name="titleValidation" time="0.009" classname="com.hsbc.testcases.Day1_TitleValidation"/>
  <testcase name="titleValidation" time="0.021" classname="com.hsbc.testcases.Day1_TitleValidation"/>
</testsuite> <!-- com.hsbc.testcases.Day1_TitleValidation -->
