<?xml version="1.0" encoding="UTF-8"?>
<!-- Generated by org.testng.reporters.JUnitReportReporter -->
<testsuite skipped="0" hostname="DESKTOP-VOO7V1N" name="com.hsbc.testcases.Day2_HsbcDynamicMenu" tests="1" failures="0" timestamp="25 Aug 2019 10:52:59 GMT" time="12.304" errors="0">
  <testcase name="hsbcDynamicMenu" time="12.304" classname="com.hsbc.testcases.Day2_HsbcDynamicMenu"/>
</testsuite> <!-- com.hsbc.testcases.Day2_HsbcDynamicMenu -->
