<?xml version="1.0" encoding="UTF-8"?>
<!-- Generated by org.testng.reporters.JUnitReportReporter -->
<testsuite skipped="0" hostname="DESKTOP-VOO7V1N" name="com.hsbc.testcases.Day2_HsbcSearchValidation" tests="1" failures="0" timestamp="25 Aug 2019 12:43:21 GMT" time="6.963" errors="0">
  <testcase name="hsbcSearchValidation" time="6.963" classname="com.hsbc.testcases.Day2_HsbcSearchValidation"/>
</testsuite> <!-- com.hsbc.testcases.Day2_HsbcSearchValidation -->
