<?xml version="1.0" encoding="UTF-8"?>
<!-- Generated by org.testng.reporters.JUnitReportReporter -->
<testsuite skipped="0" hostname="DESKTOP-VOO7V1N" name="com.hsbc.testcases.Day2_HsbcDynamicMenuBorrowing" tests="1" failures="0" timestamp="25 Aug 2019 02:46:09 GMT" time="9.558" errors="0">
  <testcase name="hsbcDynamicMenuBorrowing" time="9.558" classname="com.hsbc.testcases.Day2_HsbcDynamicMenuBorrowing"/>
</testsuite> <!-- com.hsbc.testcases.Day2_HsbcDynamicMenuBorrowing -->
