<?xml version="1.0" encoding="UTF-8"?>
<!-- Generated by org.testng.reporters.JUnitReportReporter -->
<testsuite skipped="1" hostname="DESKTOP-LNV4F6C" name="com.hsbc.testng.Testng3" tests="13" failures="0" timestamp="21 Aug 2019 11:54:50 GMT" time="0.046" errors="0">
  <testcase name="t1" time="0.000" classname="com.hsbc.testng.Testng3"/>
  <testcase name="t1" time="0.000" classname="com.hsbc.testng.Testng3"/>
  <testcase name="t1" time="0.000" classname="com.hsbc.testng.Testng3"/>
  <testcase name="t1" time="0.015" classname="com.hsbc.testng.Testng3"/>
  <testcase name="t1" time="0.000" classname="com.hsbc.testng.Testng3"/>
  <testcase name="t1" time="0.000" classname="com.hsbc.testng.Testng3"/>
  <testcase name="a4" time="0.000" classname="com.hsbc.testng.Testng3"/>
  <testcase name="t1" time="0.015" classname="com.hsbc.testng.Testng3"/>
  <testcase name="t1" time="0.000" classname="com.hsbc.testng.Testng3"/>
  <testcase name="t1" time="0.000" classname="com.hsbc.testng.Testng3"/>
  <testcase name="t1" time="0.000" classname="com.hsbc.testng.Testng3"/>
  <testcase name="t3" time="0.016" classname="com.hsbc.testng.Testng3"/>
  <testcase name="t2" classname="com.hsbc.testng.Testng3">
    <skipped/>
  </testcase> <!-- t2 -->
</testsuite> <!-- com.hsbc.testng.Testng3 -->
