<?xml version="1.0" encoding="UTF-8"?>
<!-- Generated by org.testng.reporters.JUnitReportReporter -->
<testsuite skipped="0" hostname="DESKTOP-VOO7V1N" name="com.hsbc.testcases.Day2_BingSearchValidation" tests="1" failures="0" timestamp="25 Aug 2019 12:10:23 GMT" time="7.003" errors="0">
  <testcase name="bingSearchValidation" time="7.003" classname="com.hsbc.testcases.Day2_BingSearchValidation"/>
</testsuite> <!-- com.hsbc.testcases.Day2_BingSearchValidation -->
