<?xml version="1.0" encoding="UTF-8"?>
<!-- Generated by org.testng.reporters.JUnitReportReporter -->
<testsuite skipped="0" hostname="DESKTOP-LNV4F6C" name="com.hsbc.testng.Testng1" tests="4" failures="0" timestamp="21 Aug 2019 11:54:50 GMT" time="0.016" errors="0">
  <testcase name="t2" time="0.000" classname="com.hsbc.testng.Testng1"/>
  <testcase name="t3" time="0.000" classname="com.hsbc.testng.Testng1"/>
  <testcase name="a4" time="0.000" classname="com.hsbc.testng.Testng1"/>
  <testcase name="t1" time="0.016" classname="com.hsbc.testng.Testng1"/>
</testsuite> <!-- com.hsbc.testng.Testng1 -->
