<?xml version="1.0" encoding="UTF-8"?>
<!-- Generated by org.testng.reporters.JUnitReportReporter -->
<testsuite skipped="0" hostname="DESKTOP-VOO7V1N" name="com.hsbc.testcases.Day2_BingValidation" tests="1" failures="0" timestamp="25 Aug 2019 13:16:02 GMT" time="6.774" errors="0">
  <testcase name="bingValidation" time="6.774" classname="com.hsbc.testcases.Day2_BingValidation"/>
</testsuite> <!-- com.hsbc.testcases.Day2_BingValidation -->
